Dictionary:
┌───────────┐
|160  |00   |
|80   |0100 |
|240  |01010|
|180  |011  |
|100  |100  |
|200  |1100 |
|120  |111  |
|60   |01011|
|140  |101  |
|220  |1101 |
└───────────┘
Message: [111, 111, 111, 101, 00, 111, 0100, 100, 100, 101, 011, 111, 101, 00, 111, 111, 00, 101, 00, 1101, 101, 111, 011, 011, 101, 00, 101, 0100, 0100, 0100, 00, 00, 101, 111, 011, 00, 1101, 1100, 1101, 1101, 1101, 1100, 101, 1100, 00, 1100, 00, 011, 011, 01010, 1100, 1101, 1101, 01010, 1101, 1101, 100, 1100, 011, 00, 00, 00, 1100, 011, 101, 00, 00, 101, 101, 100, 0100, 01011, 01011, 0100, 01011, 01011, 01011, 111, 011, 100, 100, 100, 111, 111, 100, 111, 00, 00, 101, 101, 101, 101, 111, 100, 100, 111, 111, 111, 100, 100, 100, 100, 00, 011, 011, 011, 1100, 1101, 00, 011, 101, 00, 011, 1100, 1101, 011, 00, 101, 111, 100, 111, 100, 00, 00, 100, 111, 111, 011]
Message from encoder: %s------------------------------------------------------------------------
Efficiency before Compression: 10.0%
Efficiency after Compression: 99.0%
------------------------------------------------------------------------
(240, 60)
(80, (240, 60))
(200, 220)
((80, (240, 60)), 180)
(100, 140)
((200, 220), 120)
(160, ((80, (240, 60)), 180))
((100, 140), ((200, 220), 120))
((160, ((80, (240, 60)), 180)), ((100, 140), ((200, 220), 120)))

