Dictionary:
┌───────────┐
|320  |0000 |
|640  |00010|
|580  |00011|
|260  |0010 |
|200  |00110|
|520  |00111|
|460  |0100 |
|140  |01010|
|400  |01011|
|340  |01100|
|660  |01101|
|600  |01110|
|280  |01111|
|540  |1000 |
|160  |10010|
|420  |10011|
|360  |1010 |
|680  |10110|
|300  |10111|
|620  |1100 |
|240  |11010|
|560  |11011|
|500  |11100|
|180  |11101|
|440  |11110|
|380  |11111|
└───────────┘
Message: [01100, 01100, 1010, 01011, 11110, 1010, 11010, 10111, 10111, 10011, 11100, 0000, 01011, 0100, 1010, 01100, 11110, 01011, 11110, 1100, 10011, 1010, 1000, 1000, 01011, 11110, 01011, 11010, 11010, 00110, 0100, 11110, 11111, 01100, 00111, 11110, 1100, 01110, 1100, 01101, 1100, 11011, 10011, 00011, 11110, 00011, 11110, 11100, 11100, 10110, 11011, 01101, 00010, 10110, 00010, 1100, 01111, 00011, 00111, 11110, 0100, 11110, 11011, 1000, 01011, 11110, 11110, 01011, 10011, 01111, 00110, 11101, 10010, 00110, 01010, 11101, 10010, 0000, 1000, 01111, 10111, 10111, 01100, 0000, 01111, 1010, 0100, 11110, 11111, 11111, 11111, 11111, 1010, 10111, 01111, 0000, 01100, 0000, 0010, 10111, 10111, 01111, 11110, 11100, 11100, 11100, 11011, 1100, 0100, 11100, 10011, 0100, 11100, 11011, 00010, 1000, 11110, 01011, 0000, 10111, 0000, 10111, 0100, 0100, 01111, 0000, 0000, 11100]
