Dictionary:
┌───────────┐
|320  |00000|
|640  |00001|
|580  |00010|
|260  |00011|
|200  |00100|
|520  |00101|
|460  |00110|
|140  |00111|
|400  |01000|
|340  |01001|
|660  |01010|
|600  |01011|
|280  |01100|
|540  |01101|
|160  |01110|
|420  |01111|
|360  |10000|
|680  |10001|
|300  |10010|
|620  |10011|
|240  |10100|
|560  |10101|
|500  |10110|
|180  |10111|
|440  |11000|
|380  |11001|
└───────────┘
Message: [01001, 01001, 10000, 01000, 11000, 10000, 10100, 10010, 10010, 01111, 10110, 00000, 01000, 00110, 10000, 01001, 11000, 01000, 11000, 10011, 01111, 10000, 01101, 01101, 01000, 11000, 01000, 10100, 10100, 00100, 00110, 11000, 11001, 01001, 00101, 11000, 10011, 01011, 10011, 01010, 10011, 10101, 01111, 00010, 11000, 00010, 11000, 10110, 10110, 10001, 10101, 01010, 00001, 10001, 00001, 10011, 01100, 00010, 00101, 11000, 00110, 11000, 10101, 01101, 01000, 11000, 11000, 01000, 01111, 01100, 00100, 10111, 01110, 00100, 00111, 10111, 01110, 00000, 01101, 01100, 10010, 10010, 01001, 00000, 01100, 10000, 00110, 11000, 11001, 11001, 11001, 11001, 10000, 10010, 01100, 00000, 01001, 00000, 00011, 10010, 10010, 01100, 11000, 10110, 10110, 10110, 10101, 10011, 00110, 10110, 01111, 00110, 10110, 10101, 00001, 01101, 11000, 01000, 00000, 10010, 00000, 10010, 00110, 00110, 01100, 00000, 00000, 10110]
